  Rendering history_notifier_mailer/history.html.erb within layouts/mailer
  [1m[35m (3.2ms)[0m  [1m[34mSELECT COUNT(*) FROM "menu_masters" WHERE "menu_masters"."deleted_at" IS NULL AND ("menu_masters"."created_at" BETWEEN $1 AND $2)[0m  [["created_at", "2020-01-02 00:00:00"], ["created_at", "2020-01-02 23:59:59.999999"]]
  [1m[35m (2.2ms)[0m  [1m[34mSELECT COUNT(*) FROM "menu_customers" WHERE "menu_customers"."deleted_at" IS NULL AND ("menu_customers"."created_at" BETWEEN $1 AND $2)[0m  [["created_at", "2020-01-02 00:00:00"], ["created_at", "2020-01-02 23:59:59.999999"]]
  [1m[36mMenuCustomer Load (0.8ms)[0m  [1m[34mSELECT "menu_customers".* FROM "menu_customers" WHERE "menu_customers"."deleted_at" IS NULL AND ("menu_customers"."created_at" BETWEEN $1 AND $2)[0m  [["created_at", "2020-01-02 00:00:00"], ["created_at", "2020-01-02 23:59:59.999999"]]
  Rendered history_notifier_mailer/history.html.erb within layouts/mailer (48.8ms)
  Rendering history_notifier_mailer/history.text.erb within layouts/mailer
  Rendered history_notifier_mailer/history.text.erb within layouts/mailer (25.8ms)
HistoryNotifierMailer#history: processed outbound mail in 1734.7ms
Sent mail to pari.muthusamy@altiussolution.com (3882.3ms)
Date: Thu, 02 Jan 2020 18:00:27 +0530
From: from@example.com
To: pari.muthusamy@altiussolution.com
Message-ID: <5e0de26381a42_26d7784f4c609b@ROR-01.mail>
Subject: Idlidabba usage for Thu, 02-Jan-2020
Mime-Version: 1.0
Content-Type: multipart/alternative;
 boundary="--==_mimepart_5e0de2637a7b2_26d7784f4c60818";
 charset=UTF-8
Content-Transfer-Encoding: 7bit


----==_mimepart_5e0de2637a7b2_26d7784f4c60818
Content-Type: text/plain;
 charset=UTF-8
Content-Transfer-Encoding: 7bit

HistoryNotifier#history

, find me in app/views/history_notifier_mailer/history.text.erb


----==_mimepart_5e0de2637a7b2_26d7784f4c60818
Content-Type: text/html;
 charset=UTF-8
Content-Transfer-Encoding: 7bit

<!DOCTYPE html>
<html>
  <head>
    <!-- <meta http-equiv="Content-Type" content="text/html; charset=utf-8" /> -->
    <style>
      /* Email styles need to be inline */
    </style>
  </head>

  <body>
    <div><h3>Menu Added : 0</h3></div>

<div><h3>Menu Assigned : 0</h3></div>

<table border="1">
  <thead>
    <tr bgcolor="lightgrey"><th colspan="3">Dispatched Items</th></tr>
    <tr>
      <th>Customer</th>
      <th>Meal Time</th>
      <th>Item Name</th>
      <!-- <th>No.of Dispatches</th> -->
    </tr>   
  </thead>
  <tbody>
      <tr><td colspan="2" align="center">No records Found</td></tr>
  </tbody>
</table>



  </body>
</html>

----==_mimepart_5e0de2637a7b2_26d7784f4c60818--

